  [4;36;1mSQL (0.3ms)[0m   [0;1m SELECT name
 FROM sqlite_master
 WHERE type = 'table' AND NOT name = 'sqlite_sequence'
[0m
  [4;35;1mSQL (0.1ms)[0m   [0mselect sqlite_version(*)[0m
  [4;36;1mSQL (1.3ms)[0m   [0;1mCREATE TABLE "schema_migrations" ("version" varchar(255) NOT NULL) [0m
  [4;35;1mSQL (0.9ms)[0m   [0mCREATE UNIQUE INDEX "unique_schema_migrations" ON "schema_migrations" ("version")[0m
  [4;36;1mSQL (0.1ms)[0m   [0;1m SELECT name
 FROM sqlite_master
 WHERE type = 'table' AND NOT name = 'sqlite_sequence'
[0m
  [4;35;1mSQL (0.1ms)[0m   [0mSELECT version FROM schema_migrations[0m
Migrating to CreateNotes (20090707042708)
  [4;36;1mSQL (0.5ms)[0m   [0;1mCREATE TABLE "notes" ("id" INTEGER PRIMARY KEY AUTOINCREMENT NOT NULL, "title" varchar(255), "body" text, "created_at" datetime, "updated_at" datetime) [0m
  [4;35;1mSQL (0.1ms)[0m   [0mINSERT INTO schema_migrations (version) VALUES ('20090707042708')[0m
  [4;36;1mSQL (0.3ms)[0m   [0;1m SELECT name
 FROM sqlite_master
 WHERE type = 'table' AND NOT name = 'sqlite_sequence'
[0m
  [4;35;1mSQL (0.1ms)[0m   [0mSELECT version FROM schema_migrations[0m
  [4;36;1mSQL (0.1ms)[0m   [0;1m SELECT name
 FROM sqlite_master
 WHERE type = 'table' AND NOT name = 'sqlite_sequence'
[0m
  [4;35;1mSQL (0.0ms)[0m   [0mPRAGMA index_list("notes")[0m


Processing FlexController#index (for 127.0.0.1 at 2009-07-06 22:28:47) [GET]
Rendering flex/index
DEPRECATION WARNING: ActionController::Session::AbstractStore::SessionHash#session_id has been deprecated. Please use request.session_options[:id] instead.. (called from swfobject at /Library/Ruby/Gems/1.8/gems/restfulx-1.2.2/lib/restfulx/rails/swf_helper.rb:37)
Completed in 13ms (View: 11, DB: 0) | 200 OK [http://localhost/]


Processing NotesController#index to fxml (for 127.0.0.1 at 2009-07-06 22:28:48) [GET]
  [4;36;1mNote Load (0.5ms)[0m   [0;1mSELECT * FROM "notes" [0m
Completed in 6ms (DB: 0) | 200 OK [http://localhost/notes.fxml]


Processing NotesController#create to fxml (for 127.0.0.1 at 2009-07-06 22:29:06) [POST]
  Parameters: {"note"=>{"title"=>"Demoing Cucumber", "body"=>"A long description"}}
  [4;35;1mNote Create (0.6ms)[0m   [0mINSERT INTO "notes" ("updated_at", "title", "body", "created_at") VALUES('2009-07-07 04:29:06', 'Demoing Cucumber', 'A long description', '2009-07-07 04:29:06')[0m
Completed in 166ms (DB: 1) | 200 OK [http://localhost/notes.fxml]


Processing NotesController#create to fxml (for 127.0.0.1 at 2009-07-06 22:29:22) [POST]
  Parameters: {"note"=>{"title"=>"Second Note", "body"=>"another long message"}}
  [4;36;1mNote Create (0.6ms)[0m   [0;1mINSERT INTO "notes" ("updated_at", "title", "body", "created_at") VALUES('2009-07-07 04:29:22', 'Second Note', 'another long message', '2009-07-07 04:29:22')[0m
Completed in 12ms (DB: 1) | 200 OK [http://localhost/notes.fxml]
  [4;36;1mSQL (0.6ms)[0m   [0;1m SELECT name
 FROM sqlite_master
 WHERE type = 'table' AND NOT name = 'sqlite_sequence'
[0m
  [4;35;1mSQL (0.2ms)[0m   [0mSELECT version FROM schema_migrations[0m
  [4;36;1mSQL (0.1ms)[0m   [0;1mselect sqlite_version(*)[0m
  [4;35;1mSQL (0.2ms)[0m   [0m SELECT name
 FROM sqlite_master
 WHERE type = 'table' AND NOT name = 'sqlite_sequence'
[0m
  [4;36;1mSQL (2.2ms)[0m   [0;1mCREATE TABLE "notes" ("id" INTEGER PRIMARY KEY AUTOINCREMENT NOT NULL, "title" varchar(255), "body" text, "created_at" datetime, "updated_at" datetime) [0m
  [4;35;1mSQL (0.3ms)[0m   [0m SELECT name
 FROM sqlite_master
 WHERE type = 'table' AND NOT name = 'sqlite_sequence'
[0m
  [4;36;1mSQL (1.1ms)[0m   [0;1mCREATE TABLE "schema_migrations" ("version" varchar(255) NOT NULL) [0m
  [4;35;1mSQL (1.4ms)[0m   [0mCREATE UNIQUE INDEX "unique_schema_migrations" ON "schema_migrations" ("version")[0m
  [4;36;1mSQL (0.3ms)[0m   [0;1m SELECT name
 FROM sqlite_master
 WHERE type = 'table' AND NOT name = 'sqlite_sequence'
[0m
  [4;35;1mSQL (0.1ms)[0m   [0mSELECT version FROM "schema_migrations"[0m
  [4;36;1mSQL (1.6ms)[0m   [0;1mINSERT INTO "schema_migrations" (version) VALUES ('20090707042708')[0m
